equirement already satisfied: asgiref~=3.0 in /Library/Frameworks/Python.framework/Versions/3.12/lib/python3.12/site-packages (from opentelemetry-instrumentation-asgi==0.45b0->opentelemetry-instrumentation-fastapi>=0.41b0->chromadb<0.6.0,>=0.4.0->langchain-chroma) (3.8.1)
Requirement already satisfied: monotonic>=1.5 in /Library/Frameworks/Python.framework/Versions/3.12/lib/python3.12/site-packages (from posthog>=2.4.0->chromadb<0.6.0,>=0.4.0->langchain-chroma) (1.6)
Requirement already satisfied: backoff>=1.10.0 in /Library/Frameworks/Python.framework/Versions/3.12/lib/python3.12/site-packages (from posthog>=2.4.0->chromadb<0.6.0,>=0.4.0->langchain-chroma) (2.2.1)
Requirement already satisfied: annotated-types>=0.4.0 in /Library/Frameworks/Python.framework/Versions/3.12/lib/python3.12/site-packages (from pydantic>=1.9->chromadb<0.6.0,>=0.4.0->langchain-chroma) (0.7.0)
Requirement already satisfied: pydantic-core==2.18.2 in /Library/Frameworks/Python.framework/Versions/3.12/lib/python3.12/site-packages (from pydantic>=1.9->chromadb<0.6.0,>=0.4.0->langchain-chroma) (2.18.2)
Requirement already satisfied: charset-normalizer<4,>=2 in /Library/Frameworks/Python.framework/Versions/3.12/lib/python3.12/site-packages (from requests>=2.28->chromadb<0.6.0,>=0.4.0->langchain-chroma) (3.3.2)
Requirement already satisfied: huggingface-hub<1.0,>=0.16.4 in /Library/Frameworks/Python.framework/Versions/3.12/lib/python3.12/site-packages (from tokenizers>=0.13.2->chromadb<0.6.0,>=0.4.0->langchain-chroma) (0.23.2)
Requirement already satisfied: click>=8.0.0 in /Library/Frameworks/Python.framework/Versions/3.12/lib/python3.12/site-packages (from typer>=0.9.0->chromadb<0.6.0,>=0.4.0->langchain-chroma) (8.1.7)
Requirement already satisfied: shellingham>=1.3.0 in /Library/Frameworks/Python.framework/Versions/3.12/lib/python3.12/site-packages (from typer>=0.9.0->chromadb<0.6.0,>=0.4.0->langchain-chroma) (1.5.4)
Requirement already satisfied: rich>=10.11.0 in /Library/Frameworks/Python.framework/Versions/3.12/lib/python3.12/site-packages (from typer>=0.9.0->chromadb<0.6.0,>=0.4.0->langchain-chroma) (13.7.1)
Requirement already satisfied: httptools>=0.5.0 in /Library/Frameworks/Python.framework/Versions/3.12/lib/python3.12/site-packages (from uvicorn[standard]>=0.18.3->chromadb<0.6.0,>=0.4.0->langchain-chroma) (0.6.1)
Requirement already satisfied: python-dotenv>=0.13 in /Library/Frameworks/Python.framework/Versions/3.12/lib/python3.12/site-packages (from uvicorn[standard]>=0.18.3->chromadb<0.6.0,>=0.4.0->langchain-chroma) (1.0.1)
Requirement already satisfied: uvloop!=0.15.0,!=0.15.1,>=0.14.0 in /Library/Frameworks/Python.framework/Versions/3.12/lib/python3.12/site-packages (from uvicorn[standard]>=0.18.3->chromadb<0.6.0,>=0.4.0->langchain-chroma) (0.19.0)
Requirement already satisfied: watchfiles>=0.13 in /Library/Frameworks/Python.framework/Versions/3.12/lib/python3.12/site-packages (from uvicorn[standard]>=0.18.3->chromadb<0.6.0,>=0.4.0->langchain-chroma) (0.22.0)
Requirement already satisfied: websockets>=10.4 in /Library/Frameworks/Python.framework/Versions/3.12/lib/python3.12/site-packages (from uvicorn[standard]>=0.18.3->chromadb<0.6.0,>=0.4.0->langchain-chroma) (12.0)
Requirement already satisfied: cachetools<6.0,>=2.0.0 in /Library/Frameworks/Python.framework/Versions/3.12/lib/python3.12/site-packages (from google-auth>=1.0.1->kubernetes>=28.1.0->chromadb<0.6.0,>=0.4.0->langchain-chroma) (5.3.3)
Requirement already satisfied: pyasn1-modules>=0.2.1 in /Library/Frameworks/Python.framework/Versions/3.12/lib/python3.12/site-packages (from google-auth>=1.0.1->kubernetes>=28.1.0->chromadb<0.6.0,>=0.4.0->langchain-chroma) (0.4.0)
Requirement already satisfied: rsa<5,>=3.1.4 in /Library/Frameworks/Python.framework/Versions/3.12/lib/python3.12/site-packages (from google-auth>=1.0.1->kubernetes>=28.1.0->chromadb<0.6.0,>=0.4.0->langchain-chroma) (4.9)
Requirement already satisfied: filelock in /Library/Frameworks/Python.framework/Versions/3.12/lib/python3.12/site-packages (from huggingface-hub<1.0,>=0.16.4->tokenizers>=0.13.2->chromadb<0.6.0,>=0.4.0->langchain-chroma) (3.14.0)
Requirement already satisfied: fsspec>=2023.5.0 in /Library/Frameworks/Python.framework/Versions/3.12/lib/python3.12/site-packages (from huggingface-hub<1.0,>=0.16.4->tokenizers>=0.13.2->chromadb<0.6.0,>=0.4.0->langchain-chroma) (2024.5.0)
Requirement already satisfied: zipp>=0.5 in /Library/Frameworks/Python.framework/Versions/3.12/lib/python3.12/site-packages (from importlib-metadata<=7.0,>=6.0->opentelemetry-api>=1.2.0->chromadb<0.6.0,>=0.4.0->langchain-chroma) (3.19.0)
Requirement already satisfied: markdown-it-py>=2.2.0 in /Library/Frameworks/Python.framework/Versions/3.12/lib/python3.12/site-packages (from rich>=10.11.0->typer>=0.9.0->chromadb<0.6.0,>=0.4.0->langchain-chroma) (3.0.0)
Requirement already satisfied: pygments<3.0.0,>=2.13.0 in /Library/Frameworks/Python.framework/Versions/3.12/lib/python3.12/site-packages (from rich>=10.11.0->typer>=0.9.0->chromadb<0.6.0,>=0.4.0->langchain-chroma) (2.18.0)
Requirement already satisfied: humanfriendly>=9.1 in /Library/Frameworks/Python.framework/Versions/3.12/lib/python3.12/site-packages (from coloredlogs->onnxruntime>=1.14.1->chromadb<0.6.0,>=0.4.0->langchain-chroma) (10.0)
Requirement already satisfied: mpmath>=0.19 in /Library/Frameworks/Python.framework/Versions/3.12/lib/python3.12/site-packages (from sympy->onnxruntime>=1.14.1->chromadb<0.6.0,>=0.4.0->langchain-chroma) (1.3.0)
Requirement already satisfied: mdurl~=0.1 in /Library/Frameworks/Python.framework/Versions/3.12/lib/python3.12/site-packages (from markdown-it-py>=2.2.0->rich>=10.11.0->typer>=0.9.0->chromadb<0.6.0,>=0.4.0->langchain-chroma) (0.1.2)
Requirement already satisfied: pyasn1<0.7.0,>=0.4.6 in /Library/Frameworks/Python.framework/Versions/3.12/lib/python3.12/site-packages (from pyasn1-modules>=0.2.1->google-auth>=1.0.1->kubernetes>=28.1.0->chromadb<0.6.0,>=0.4.0->langchain-chroma) (0.6.0)
Downloading langchain_chroma-0.1.1-py3-none-any.whl (8.5 kB)
Installing collected packages: langchain-chroma
Successfully installed langchain-chroma-0.1.1
Vanshs-MacBook-Air-M3:Proj1 vansh11$ /usr/local/bin/python3 /Users/vansh11/Downloads/ASCENDION/Proj1/geo.py
17 embeddings created. 
Traceback (most recent call last):
  File "/Users/vansh11/Downloads/ASCENDION/Proj1/geo.py", line 57, in <module>
    db = Chroma.from_documents(chunks, embeddings)
         ^^^^^^^^^^^^^^^^^^^^^^^^^^^^^^^^^^^^^^^^^
  File "/Library/Frameworks/Python.framework/Versions/3.12/lib/python3.12/site-packages/langchain_chroma/vectorstores.py", line 797, in from_documents
    return cls.from_texts(
           ^^^^^^^^^^^^^^^
  File "/Library/Frameworks/Python.framework/Versions/3.12/lib/python3.12/site-packages/langchain_chroma/vectorstores.py", line 755, in from_texts
    chroma_collection.add_texts(
  File "/Library/Frameworks/Python.framework/Versions/3.12/lib/python3.12/site-packages/langchain_chroma/vectorstores.py", line 311, in add_texts
    embeddings = self._embedding_function.embed_documents(texts)
                 ^^^^^^^^^^^^^^^^^^^^^^^^^^^^^^^^^^^^^^^^
AttributeError: 'list' object has no attribute 'embed_documents'
Vanshs-MacBook-Air-M3:Proj1 vansh11$ /usr/local/bin/python3 /Users/vansh11/Downloads/ASCENDION/Proj1/geo.py
17 embeddings created. 
Traceback (most recent call last):
  File "/Users/vansh11/Downloads/ASCENDION/Proj1/geo.py", line 57, in <module>
    db = Chroma.from_documents(documents=chunks, embedding_function=embedding_func)
         ^^^^^^^^^^^^^^^^^^^^^^^^^^^^^^^^^^^^^^^^^^^^^^^^^^^^^^^^^^^^^^^^^^^^^^^^^^
  File "/Library/Frameworks/Python.framework/Versions/3.12/lib/python3.12/site-packages/langchain_chroma/vectorstores.py", line 797, in from_documents
    return cls.from_texts(
           ^^^^^^^^^^^^^^^
  File "/Library/Frameworks/Python.framework/Versions/3.12/lib/python3.12/site-packages/langchain_chroma/vectorstores.py", line 733, in from_texts
    chroma_collection = cls(
                        ^^^^
TypeError: langchain_chroma.vectorstores.Chroma() got multiple values for keyword argument 'embedding_function'
Vanshs-MacBook-Air-M3:Proj1 vansh11$ /usr/local/bin/python3 /Users/vansh11/Downloads/ASCENDION/Proj1/geo.py
17 embeddings created. 
Embeddings stored in chromadb
Vanshs-MacBook-Air-M3:Proj1 vansh11$ /usr/local/bin/python3 /Users/vansh11/Downloads/ASCENDION/Proj1/geo.py
17 embeddings created. 
Traceback (most recent call last):
  File "/Users/vansh11/Downloads/ASCENDION/Proj1/geo.py", line 59, in <module>
    db.persist()
    ^^^^^^^^^^
AttributeError: 'Chroma' object has no attribute 'persist'
Vanshs-MacBook-Air-M3:Proj1 vansh11$ /usr/local/bin/python3 /Users/vansh11/Downloads/ASCENDION/Proj1/geo.py
17 embeddings created. 
Traceback (most recent call last):
  File "/Users/vansh11/Downloads/ASCENDION/Proj1/geo.py", line 59, in <module>
    db.persist('chroma_dbb')
    ^^^^^^^^^^